<?xml version="1.0" encoding="UTF-8"?>
<!-- Generated by org.testng.reporters.JUnitReportReporter -->
<testsuite hostname="DESKTOP-2C3U318" failures="0" tests="1" name="TestScripts.ValidateFlightFeature" time="38.794" errors="0" timestamp="02 Jul 2022 07:47:07 GMT" skipped="0">
  <testcase classname="TestScripts.ValidateFlightFeature" name="flightSearch" time="38.794"/>
</testsuite> <!-- TestScripts.ValidateFlightFeature -->
